Using pre-set license
Built from '2020.3/staging' branch; Version is '2020.3.6f1 (338bb68529b2) revision 3378102'; Using compiler version '192528614'; Build Type 'Release'
OS: 'Windows 10 Pro; OS build 19041.1288; Version 2004; 64bit' Language: 'ru' Physical Memory: 16267 MB
BatchMode: 1, IsHumanControllingUs: 0, StartBugReporterOnCrash: 0, Is64bit: 1, IsPro: 0

 COMMAND LINE ARGUMENTS:
C:\Program Files\Unity\Hub\Editor\2020.3.6f1\Editor\Unity.exe
-adb2
-batchMode
-noUpm
-name
AssetImportWorker0
-projectPath
D:/UnityProject/Prototype3
-logFile
Logs/AssetImportWorker0.log
-srvPort
62105
Successfully changed project path to: D:/UnityProject/Prototype3
D:/UnityProject/Prototype3
Using Asset Import Pipeline V2.
Refreshing native plugins compatible for Editor in 27.51 ms, found 0 plugins.
Preloading 0 native plugins for Editor in 0.00 ms.
Initialize engine version: 2020.3.6f1 (338bb68529b2)
[Subsystems] Discovering subsystems at path C:/Program Files/Unity/Hub/Editor/2020.3.6f1/Editor/Data/Resources/UnitySubsystems
[Subsystems] Discovering subsystems at path D:/UnityProject/Prototype3/Assets
GfxDevice: creating device client; threaded=0
Direct3D:
    Version:  Direct3D 11.0 [level 11.0]
    Renderer: NVIDIA GeForce MX130 (ID=0x174d)
    Vendor:   
    VRAM:     2010 MB
    Driver:   27.21.14.5167
Initialize mono
Mono path[0] = 'C:/Program Files/Unity/Hub/Editor/2020.3.6f1/Editor/Data/Managed'
Mono path[1] = 'C:/Program Files/Unity/Hub/Editor/2020.3.6f1/Editor/Data/MonoBleedingEdge/lib/mono/unityjit'
Mono config path = 'C:/Program Files/Unity/Hub/Editor/2020.3.6f1/Editor/Data/MonoBleedingEdge/etc'
Using monoOptions --debugger-agent=transport=dt_socket,embedding=1,server=y,suspend=n,address=127.0.0.1:56248
Begin MonoManager ReloadAssembly
Registering precompiled unity dll's ...
Register platform support module: C:/Program Files/Unity/Hub/Editor/2020.3.6f1/Editor/Data/PlaybackEngines/WebGLSupport/UnityEditor.WebGL.Extensions.dll
Register platform support module: C:/Program Files/Unity/Hub/Editor/2020.3.6f1/Editor/Data/PlaybackEngines/WindowsStandaloneSupport/UnityEditor.WindowsStandalone.Extensions.dll
Registered in 0.002649 seconds.
Native extension for WindowsStandalone target not found
Native extension for WebGL target not found
Refreshing native plugins compatible for Editor in 30.29 ms, found 0 plugins.
Preloading 0 native plugins for Editor in 0.00 ms.
Mono: successfully reloaded assembly
- Completed reload, in  2.202 seconds
Platform modules already initialized, skipping
Registering precompiled user dll's ...
Registered in 0.000973 seconds.
Begin MonoManager ReloadAssembly
Native extension for WindowsStandalone target not found
Native extension for WebGL target not found
Refreshing native plugins compatible for Editor in 0.22 ms, found 0 plugins.
Preloading 0 native plugins for Editor in 0.00 ms.
Mono: successfully reloaded assembly
- Completed reload, in  0.871 seconds
Platform modules already initialized, skipping
========================================================================
Worker process is ready to serve import requests
Launched and connected shader compiler UnityShaderCompiler.exe after 0.05 seconds
Refreshing native plugins compatible for Editor in 0.22 ms, found 0 plugins.
Preloading 0 native plugins for Editor in 0.00 ms.
Unloading 1125 Unused Serialized files (Serialized files now loaded: 0)
System memory in use before: 58.3 MB.
System memory in use after: 58.3 MB.

Unloading 10 unused Assets to reduce memory usage. Loaded Objects now: 1570.
Total: 2.106400 ms (FindLiveObjects: 0.147300 ms CreateObjectMapping: 0.041800 ms MarkObjects: 1.822800 ms  DeleteObjects: 0.093000 ms)

========================================================================
Received Import Request.
  path: Assets/Course Library/_Source_Files/FBX/SI_Symbol_Dollar.fbx
  artifactKey: Guid(513d5f56c48761f4f9782bfff612af87) Importer(815301076,1909f56bfc062723c751e8b465ee728b)
Start importing Assets/Course Library/_Source_Files/FBX/SI_Symbol_Dollar.fbx using Guid(513d5f56c48761f4f9782bfff612af87) Importer(815301076,1909f56bfc062723c751e8b465ee728b)  -> (artifact id: '2c7021a4c2d76fb5324e2fd6be9fe061') in 0.138659 seconds
  Import took 0.141487 seconds .

========================================================================
Received Import Request.
  Time since last request: 0.000259 seconds.
  path: Assets/Course Library/_Source_Files/FBX/SM_Icon_Balloon_01.fbx
  artifactKey: Guid(2b1600b8b48e3ac4c87e5d81a4153ab7) Importer(815301076,1909f56bfc062723c751e8b465ee728b)
Start importing Assets/Course Library/_Source_Files/FBX/SM_Icon_Balloon_01.fbx using Guid(2b1600b8b48e3ac4c87e5d81a4153ab7) Importer(815301076,1909f56bfc062723c751e8b465ee728b)  -> (artifact id: 'cc1b187715030083a5900f6c8166a0f0') in 0.018112 seconds
  Import took 0.020408 seconds .

========================================================================
Received Import Request.
  Time since last request: 0.000312 seconds.
  path: Assets/Course Library/_Source_Files/Misc/SM_Prop_Barrel_01.fbx
  artifactKey: Guid(0934a3eb8623484489b357f278941c88) Importer(815301076,1909f56bfc062723c751e8b465ee728b)
Start importing Assets/Course Library/_Source_Files/Misc/SM_Prop_Barrel_01.fbx using Guid(0934a3eb8623484489b357f278941c88) Importer(815301076,1909f56bfc062723c751e8b465ee728b)  -> (artifact id: 'a282fc0b092afd00e2903bd3d5a6f9fa') in 0.066663 seconds
  Import took 0.068732 seconds .

========================================================================
Received Import Request.
  Time since last request: 0.000227 seconds.
  path: Assets/Course Library/_Source_Files/FBX/SM_Prop_Bomb_01.fbx
  artifactKey: Guid(5b0eedd9207590f40b02a2b89172c391) Importer(815301076,1909f56bfc062723c751e8b465ee728b)
Start importing Assets/Course Library/_Source_Files/FBX/SM_Prop_Bomb_01.fbx using Guid(5b0eedd9207590f40b02a2b89172c391) Importer(815301076,1909f56bfc062723c751e8b465ee728b)  -> (artifact id: '5ee8ad583dde385a4839cfeb355eefeb') in 0.030124 seconds
  Import took 0.032592 seconds .

========================================================================
Received Prepare
Registering precompiled user dll's ...
Registered in 0.002215 seconds.
Begin MonoManager ReloadAssembly
Native extension for WindowsStandalone target not found
Native extension for WebGL target not found
Refreshing native plugins compatible for Editor in 0.23 ms, found 0 plugins.
Preloading 0 native plugins for Editor in 0.00 ms.
Mono: successfully reloaded assembly
- Completed reload, in  0.818 seconds
Platform modules already initialized, skipping
Refreshing native plugins compatible for Editor in 0.24 ms, found 0 plugins.
Preloading 0 native plugins for Editor in 0.00 ms.
Unloading 1119 Unused Serialized files (Serialized files now loaded: 0)
System memory in use before: 61.4 MB.
System memory in use after: 61.5 MB.

Unloading 6 unused Assets to reduce memory usage. Loaded Objects now: 1583.
Total: 2.331700 ms (FindLiveObjects: 0.128800 ms CreateObjectMapping: 0.036700 ms MarkObjects: 2.083800 ms  DeleteObjects: 0.081100 ms)

========================================================================
Received Import Request.
  Time since last request: 131.630541 seconds.
  path: Assets/Challenge 3/Scripts/PlayerControllerX.cs
  artifactKey: Guid(c3da77984db434cf7a7209211eb746ea) Importer(815301076,1909f56bfc062723c751e8b465ee728b)
Start importing Assets/Challenge 3/Scripts/PlayerControllerX.cs using Guid(c3da77984db434cf7a7209211eb746ea) Importer(815301076,1909f56bfc062723c751e8b465ee728b)  -> (artifact id: '6a6cac447c0bc89c33c33317816dcdda') in 0.094236 seconds
  Import took 0.096143 seconds .

========================================================================
Received Import Request.
  Time since last request: 2.147802 seconds.
  path: Assets/Challenge 3/Scripts/RepeatBackgroundX.cs
  artifactKey: Guid(93c03c5e4419147aba4d67fc937a0b0b) Importer(815301076,1909f56bfc062723c751e8b465ee728b)
Start importing Assets/Challenge 3/Scripts/RepeatBackgroundX.cs using Guid(93c03c5e4419147aba4d67fc937a0b0b) Importer(815301076,1909f56bfc062723c751e8b465ee728b)  -> (artifact id: '33e65e037cb468d6ea5ea19ab62c0e19') in 0.006035 seconds
  Import took 0.008016 seconds .

========================================================================
Received Prepare
Registering precompiled user dll's ...
Registered in 0.000673 seconds.
Begin MonoManager ReloadAssembly
Native extension for WindowsStandalone target not found
Native extension for WebGL target not found
Refreshing native plugins compatible for Editor in 0.22 ms, found 0 plugins.
Preloading 0 native plugins for Editor in 0.00 ms.
Mono: successfully reloaded assembly
- Completed reload, in  0.896 seconds
Platform modules already initialized, skipping
Refreshing native plugins compatible for Editor in 0.29 ms, found 0 plugins.
Preloading 0 native plugins for Editor in 0.00 ms.
Unloading 1119 Unused Serialized files (Serialized files now loaded: 0)
System memory in use before: 61.4 MB.
System memory in use after: 61.5 MB.

Unloading 5 unused Assets to reduce memory usage. Loaded Objects now: 1586.
Total: 1.835500 ms (FindLiveObjects: 0.150800 ms CreateObjectMapping: 0.044200 ms MarkObjects: 1.580500 ms  DeleteObjects: 0.059000 ms)

========================================================================
Received Import Request.
  Time since last request: 49.004731 seconds.
  path: Assets/Challenge 3/Scripts/PlayerControllerX.cs
  artifactKey: Guid(c3da77984db434cf7a7209211eb746ea) Importer(815301076,1909f56bfc062723c751e8b465ee728b)
Start importing Assets/Challenge 3/Scripts/PlayerControllerX.cs using Guid(c3da77984db434cf7a7209211eb746ea) Importer(815301076,1909f56bfc062723c751e8b465ee728b)  -> (artifact id: 'd8c76383d9ce080c891e9d5ba40877dc') in 0.003844 seconds
  Import took 0.005773 seconds .

========================================================================
Received Prepare
Registering precompiled user dll's ...
Registered in 0.000742 seconds.
Begin MonoManager ReloadAssembly
Native extension for WindowsStandalone target not found
Native extension for WebGL target not found
Refreshing native plugins compatible for Editor in 0.26 ms, found 0 plugins.
Preloading 0 native plugins for Editor in 0.00 ms.
Mono: successfully reloaded assembly
- Completed reload, in  1.131 seconds
Platform modules already initialized, skipping
Refreshing native plugins compatible for Editor in 0.34 ms, found 0 plugins.
Preloading 0 native plugins for Editor in 0.00 ms.
Unloading 1119 Unused Serialized files (Serialized files now loaded: 0)
System memory in use before: 61.5 MB.
System memory in use after: 61.5 MB.

Unloading 5 unused Assets to reduce memory usage. Loaded Objects now: 1589.
Total: 2.029400 ms (FindLiveObjects: 0.144800 ms CreateObjectMapping: 0.044100 ms MarkObjects: 1.766800 ms  DeleteObjects: 0.071800 ms)

========================================================================
Received Prepare
Registering precompiled user dll's ...
Registered in 0.000735 seconds.
Begin MonoManager ReloadAssembly
Native extension for WindowsStandalone target not found
Native extension for WebGL target not found
Refreshing native plugins compatible for Editor in 0.26 ms, found 0 plugins.
Preloading 0 native plugins for Editor in 0.00 ms.
Mono: successfully reloaded assembly
- Completed reload, in  1.188 seconds
Platform modules already initialized, skipping
Refreshing native plugins compatible for Editor in 0.25 ms, found 0 plugins.
Preloading 0 native plugins for Editor in 0.00 ms.
Unloading 1119 Unused Serialized files (Serialized files now loaded: 0)
System memory in use before: 61.5 MB.
System memory in use after: 61.5 MB.

Unloading 5 unused Assets to reduce memory usage. Loaded Objects now: 1592.
Total: 2.916800 ms (FindLiveObjects: 0.233000 ms CreateObjectMapping: 0.074500 ms MarkObjects: 2.514800 ms  DeleteObjects: 0.092500 ms)

========================================================================
Received Prepare
Registering precompiled user dll's ...
Registered in 0.001115 seconds.
Begin MonoManager ReloadAssembly
Native extension for WindowsStandalone target not found
Native extension for WebGL target not found
Refreshing native plugins compatible for Editor in 0.26 ms, found 0 plugins.
Preloading 0 native plugins for Editor in 0.00 ms.
Mono: successfully reloaded assembly
- Completed reload, in  1.199 seconds
Platform modules already initialized, skipping
Refreshing native plugins compatible for Editor in 0.24 ms, found 0 plugins.
Preloading 0 native plugins for Editor in 0.00 ms.
Unloading 1119 Unused Serialized files (Serialized files now loaded: 0)
System memory in use before: 61.5 MB.
System memory in use after: 61.5 MB.

Unloading 5 unused Assets to reduce memory usage. Loaded Objects now: 1595.
Total: 2.281000 ms (FindLiveObjects: 0.141600 ms CreateObjectMapping: 0.040600 ms MarkObjects: 2.034000 ms  DeleteObjects: 0.063600 ms)

========================================================================
Received Prepare
Registering precompiled user dll's ...
Registered in 0.000708 seconds.
Begin MonoManager ReloadAssembly
Native extension for WindowsStandalone target not found
Native extension for WebGL target not found
Refreshing native plugins compatible for Editor in 0.38 ms, found 0 plugins.
Preloading 0 native plugins for Editor in 0.00 ms.
Mono: successfully reloaded assembly
- Completed reload, in  1.106 seconds
Platform modules already initialized, skipping
Refreshing native plugins compatible for Editor in 0.25 ms, found 0 plugins.
Preloading 0 native plugins for Editor in 0.00 ms.
Unloading 1119 Unused Serialized files (Serialized files now loaded: 0)
System memory in use before: 61.5 MB.
System memory in use after: 61.6 MB.

Unloading 5 unused Assets to reduce memory usage. Loaded Objects now: 1598.
Total: 2.407600 ms (FindLiveObjects: 0.297500 ms CreateObjectMapping: 0.091000 ms MarkObjects: 1.944000 ms  DeleteObjects: 0.072300 ms)

========================================================================
Received Prepare
Registering precompiled user dll's ...
Registered in 0.000679 seconds.
Begin MonoManager ReloadAssembly
Native extension for WindowsStandalone target not found
Native extension for WebGL target not found
Refreshing native plugins compatible for Editor in 0.25 ms, found 0 plugins.
Preloading 0 native plugins for Editor in 0.00 ms.
Mono: successfully reloaded assembly
- Completed reload, in  1.004 seconds
Platform modules already initialized, skipping
Refreshing native plugins compatible for Editor in 0.26 ms, found 0 plugins.
Preloading 0 native plugins for Editor in 0.00 ms.
Unloading 1119 Unused Serialized files (Serialized files now loaded: 0)
System memory in use before: 61.5 MB.
System memory in use after: 61.6 MB.

Unloading 5 unused Assets to reduce memory usage. Loaded Objects now: 1601.
Total: 2.169000 ms (FindLiveObjects: 0.177000 ms CreateObjectMapping: 0.047100 ms MarkObjects: 1.867500 ms  DeleteObjects: 0.076000 ms)

========================================================================
Received Import Request.
  Time since last request: 1674.751596 seconds.
  path: Assets/Scripts/SpawnManager.cs
  artifactKey: Guid(db7b65c56abba7e43b699d5e77066239) Importer(815301076,1909f56bfc062723c751e8b465ee728b)
Start importing Assets/Scripts/SpawnManager.cs using Guid(db7b65c56abba7e43b699d5e77066239) Importer(815301076,1909f56bfc062723c751e8b465ee728b)  -> (artifact id: '2c2c10406b74deedc015f42ec9d95015') in 0.009659 seconds
  Import took 0.012206 seconds .

========================================================================
Received Import Request.
  Time since last request: 0.026348 seconds.
  path: Assets/Scripts/SpawnManager.cs
  artifactKey: Guid(db7b65c56abba7e43b699d5e77066239) Importer(815301076,1909f56bfc062723c751e8b465ee728b)
Start importing Assets/Scripts/SpawnManager.cs using Guid(db7b65c56abba7e43b699d5e77066239) Importer(815301076,1909f56bfc062723c751e8b465ee728b)  -> (artifact id: '2c2c10406b74deedc015f42ec9d95015') in 0.002473 seconds
  Import took 0.004888 seconds .

========================================================================
Received Prepare
Registering precompiled user dll's ...
Registered in 0.000950 seconds.
Begin MonoManager ReloadAssembly
Native extension for WindowsStandalone target not found
Native extension for WebGL target not found
Refreshing native plugins compatible for Editor in 0.22 ms, found 0 plugins.
Preloading 0 native plugins for Editor in 0.00 ms.
Mono: successfully reloaded assembly
- Completed reload, in  0.966 seconds
Platform modules already initialized, skipping
Refreshing native plugins compatible for Editor in 0.23 ms, found 0 plugins.
Preloading 0 native plugins for Editor in 0.00 ms.
Unloading 1119 Unused Serialized files (Serialized files now loaded: 0)
System memory in use before: 61.5 MB.
System memory in use after: 61.6 MB.

Unloading 5 unused Assets to reduce memory usage. Loaded Objects now: 1604.
Total: 2.070400 ms (FindLiveObjects: 0.201200 ms CreateObjectMapping: 0.064100 ms MarkObjects: 1.738100 ms  DeleteObjects: 0.065700 ms)

========================================================================
Received Import Request.
  Time since last request: 214.980992 seconds.
  path: Assets/Scripts/SpawnManager.cs
  artifactKey: Guid(db7b65c56abba7e43b699d5e77066239) Importer(815301076,1909f56bfc062723c751e8b465ee728b)
Start importing Assets/Scripts/SpawnManager.cs using Guid(db7b65c56abba7e43b699d5e77066239) Importer(815301076,1909f56bfc062723c751e8b465ee728b)  -> (artifact id: 'e4f4de7a496e87643894e6bbd24fe542') in 0.003932 seconds
  Import took 0.005999 seconds .

========================================================================
Received Prepare
Registering precompiled user dll's ...
Registered in 0.000804 seconds.
Begin MonoManager ReloadAssembly
Native extension for WindowsStandalone target not found
Native extension for WebGL target not found
Refreshing native plugins compatible for Editor in 0.29 ms, found 0 plugins.
Preloading 0 native plugins for Editor in 0.00 ms.
Mono: successfully reloaded assembly
- Completed reload, in  1.512 seconds
Platform modules already initialized, skipping
Refreshing native plugins compatible for Editor in 0.29 ms, found 0 plugins.
Preloading 0 native plugins for Editor in 0.00 ms.
Unloading 1119 Unused Serialized files (Serialized files now loaded: 0)
System memory in use before: 61.5 MB.
System memory in use after: 61.6 MB.

Unloading 5 unused Assets to reduce memory usage. Loaded Objects now: 1607.
Total: 3.014400 ms (FindLiveObjects: 0.409400 ms CreateObjectMapping: 0.174800 ms MarkObjects: 2.345700 ms  DeleteObjects: 0.082900 ms)

========================================================================
Received Import Request.
  Time since last request: 117.959796 seconds.
  path: Assets/Prefabs/Obstacle3.prefab
  artifactKey: Guid(040762d7d6232344580546d374a33704) Importer(815301076,1909f56bfc062723c751e8b465ee728b)
Start importing Assets/Prefabs/Obstacle3.prefab using Guid(040762d7d6232344580546d374a33704) Importer(815301076,1909f56bfc062723c751e8b465ee728b)  -> (artifact id: 'b705edecacf3d4bd222ff491f1c43958') in 0.143123 seconds
  Import took 0.146040 seconds .

========================================================================
Received Import Request.
  Time since last request: 44.620666 seconds.
  path: Assets/Prefabs/Obstacle2.prefab
  artifactKey: Guid(97e3710ca13c68b4e85fccd11103403d) Importer(815301076,1909f56bfc062723c751e8b465ee728b)
Start importing Assets/Prefabs/Obstacle2.prefab using Guid(97e3710ca13c68b4e85fccd11103403d) Importer(815301076,1909f56bfc062723c751e8b465ee728b)  -> (artifact id: '461a5d002b2b3dcca915afd0b79445fc') in 0.018437 seconds
  Import took 0.021520 seconds .

========================================================================
Received Prepare
Registering precompiled user dll's ...
Registered in 0.000826 seconds.
Begin MonoManager ReloadAssembly
Native extension for WindowsStandalone target not found
Native extension for WebGL target not found
Refreshing native plugins compatible for Editor in 0.31 ms, found 0 plugins.
Preloading 0 native plugins for Editor in 0.00 ms.
Mono: successfully reloaded assembly
- Completed reload, in  1.304 seconds
Platform modules already initialized, skipping
Refreshing native plugins compatible for Editor in 0.29 ms, found 0 plugins.
Preloading 0 native plugins for Editor in 0.00 ms.
Unloading 1119 Unused Serialized files (Serialized files now loaded: 0)
System memory in use before: 61.6 MB.
System memory in use after: 61.7 MB.

Unloading 5 unused Assets to reduce memory usage. Loaded Objects now: 1611.
Total: 2.289600 ms (FindLiveObjects: 0.177100 ms CreateObjectMapping: 0.050700 ms MarkObjects: 1.990000 ms  DeleteObjects: 0.070100 ms)

========================================================================
Received Import Request.
  Time since last request: 21.336176 seconds.
  path: Assets/Prefabs/Obstacle2.prefab
  artifactKey: Guid(97e3710ca13c68b4e85fccd11103403d) Importer(815301076,1909f56bfc062723c751e8b465ee728b)
Start importing Assets/Prefabs/Obstacle2.prefab using Guid(97e3710ca13c68b4e85fccd11103403d) Importer(815301076,1909f56bfc062723c751e8b465ee728b)  -> (artifact id: '54535c137a2a0e336d8ab64540d2b34b') in 0.085427 seconds
  Import took 0.088277 seconds .

========================================================================
Received Import Request.
  Time since last request: 1.353860 seconds.
  path: Assets/Prefabs/Obstacle2.prefab
  artifactKey: Guid(97e3710ca13c68b4e85fccd11103403d) Importer(815301076,1909f56bfc062723c751e8b465ee728b)
Start importing Assets/Prefabs/Obstacle2.prefab using Guid(97e3710ca13c68b4e85fccd11103403d) Importer(815301076,1909f56bfc062723c751e8b465ee728b)  -> (artifact id: '1538852059609ab39baf5d6e81a1e903') in 0.013733 seconds
  Import took 0.016676 seconds .

========================================================================
Received Import Request.
  Time since last request: 6.418230 seconds.
  path: Assets/Prefabs/Obstacle2.prefab
  artifactKey: Guid(97e3710ca13c68b4e85fccd11103403d) Importer(815301076,1909f56bfc062723c751e8b465ee728b)
Start importing Assets/Prefabs/Obstacle2.prefab using Guid(97e3710ca13c68b4e85fccd11103403d) Importer(815301076,1909f56bfc062723c751e8b465ee728b)  -> (artifact id: 'ee3cbe97d2a533086c3be145ae25640e') in 0.016760 seconds
  Import took 0.020583 seconds .

========================================================================
Received Import Request.
  Time since last request: 3.550944 seconds.
  path: Assets/Prefabs/Obstacle2.prefab
  artifactKey: Guid(97e3710ca13c68b4e85fccd11103403d) Importer(815301076,1909f56bfc062723c751e8b465ee728b)
Start importing Assets/Prefabs/Obstacle2.prefab using Guid(97e3710ca13c68b4e85fccd11103403d) Importer(815301076,1909f56bfc062723c751e8b465ee728b)  -> (artifact id: '8af9edc40daf793820071f2350ac1c9d') in 0.012475 seconds
  Import took 0.016081 seconds .

========================================================================
Received Import Request.
  Time since last request: 1.990999 seconds.
  path: Assets/Prefabs/Obstacle3.prefab
  artifactKey: Guid(040762d7d6232344580546d374a33704) Importer(815301076,1909f56bfc062723c751e8b465ee728b)
Start importing Assets/Prefabs/Obstacle3.prefab using Guid(040762d7d6232344580546d374a33704) Importer(815301076,1909f56bfc062723c751e8b465ee728b)  -> (artifact id: '9fa83b32d653a777925045c034ebd7dd') in 0.015390 seconds
  Import took 0.018309 seconds .

========================================================================
Received Import Request.
  Time since last request: 68.973064 seconds.
  path: Assets/Prefabs/Obstacle3.prefab
  artifactKey: Guid(040762d7d6232344580546d374a33704) Importer(815301076,1909f56bfc062723c751e8b465ee728b)
Start importing Assets/Prefabs/Obstacle3.prefab using Guid(040762d7d6232344580546d374a33704) Importer(815301076,1909f56bfc062723c751e8b465ee728b)  -> (artifact id: '77de4cf2d973c8e82d904a0bec06fd51') in 0.015576 seconds
  Import took 0.018218 seconds .

========================================================================
Received Prepare
Registering precompiled user dll's ...
Registered in 0.000774 seconds.
Begin MonoManager ReloadAssembly
Native extension for WindowsStandalone target not found
Native extension for WebGL target not found
Refreshing native plugins compatible for Editor in 0.45 ms, found 0 plugins.
Preloading 0 native plugins for Editor in 0.00 ms.
Mono: successfully reloaded assembly
- Completed reload, in  1.329 seconds
Platform modules already initialized, skipping
Refreshing native plugins compatible for Editor in 0.30 ms, found 0 plugins.
Preloading 0 native plugins for Editor in 0.00 ms.
Unloading 1119 Unused Serialized files (Serialized files now loaded: 0)
System memory in use before: 61.6 MB.
System memory in use after: 61.7 MB.

Unloading 5 unused Assets to reduce memory usage. Loaded Objects now: 1615.
Total: 2.391600 ms (FindLiveObjects: 0.243700 ms CreateObjectMapping: 0.086100 ms MarkObjects: 1.940000 ms  DeleteObjects: 0.118800 ms)

========================================================================
Received Import Request.
  Time since last request: 7.808246 seconds.
  path: Assets/Prefabs/Obstacle2.prefab
  artifactKey: Guid(97e3710ca13c68b4e85fccd11103403d) Importer(815301076,1909f56bfc062723c751e8b465ee728b)
Start importing Assets/Prefabs/Obstacle2.prefab using Guid(97e3710ca13c68b4e85fccd11103403d) Importer(815301076,1909f56bfc062723c751e8b465ee728b)  -> (artifact id: '0fbc0390017af8a7a0fa88b012b5820e') in 0.072300 seconds
  Import took 0.075121 seconds .

========================================================================
Received Import Request.
  Time since last request: 0.000334 seconds.
  path: Assets/Prefabs/Obstacle3.prefab
  artifactKey: Guid(040762d7d6232344580546d374a33704) Importer(815301076,1909f56bfc062723c751e8b465ee728b)
Start importing Assets/Prefabs/Obstacle3.prefab using Guid(040762d7d6232344580546d374a33704) Importer(815301076,1909f56bfc062723c751e8b465ee728b)  -> (artifact id: '63439436b806db9c8e901bd8048e5f66') in 0.014837 seconds
  Import took 0.018118 seconds .

========================================================================
Received Import Request.
  Time since last request: 1.557825 seconds.
  path: Assets/Prefabs/Obstacle2.prefab
  artifactKey: Guid(97e3710ca13c68b4e85fccd11103403d) Importer(815301076,1909f56bfc062723c751e8b465ee728b)
Start importing Assets/Prefabs/Obstacle2.prefab using Guid(97e3710ca13c68b4e85fccd11103403d) Importer(815301076,1909f56bfc062723c751e8b465ee728b)  -> (artifact id: 'd08086d2fc420971d91064acf0aabca6') in 0.012172 seconds
  Import took 0.014403 seconds .

========================================================================
Received Import Request.
  Time since last request: 123.251245 seconds.
  path: Assets/Prefabs/Obstacle3.prefab
  artifactKey: Guid(040762d7d6232344580546d374a33704) Importer(815301076,1909f56bfc062723c751e8b465ee728b)
Start importing Assets/Prefabs/Obstacle3.prefab using Guid(040762d7d6232344580546d374a33704) Importer(815301076,1909f56bfc062723c751e8b465ee728b)  -> (artifact id: '415b11bafb4a5e6a3d4497861e1e5665') in 0.020675 seconds
  Import took 0.023654 seconds .

========================================================================
Received Prepare
Registering precompiled user dll's ...
Registered in 0.001171 seconds.
Begin MonoManager ReloadAssembly
Native extension for WindowsStandalone target not found
Native extension for WebGL target not found
Refreshing native plugins compatible for Editor in 0.28 ms, found 0 plugins.
Preloading 0 native plugins for Editor in 0.00 ms.
Mono: successfully reloaded assembly
- Completed reload, in  1.348 seconds
Platform modules already initialized, skipping
Refreshing native plugins compatible for Editor in 0.28 ms, found 0 plugins.
Preloading 0 native plugins for Editor in 0.00 ms.
Unloading 1119 Unused Serialized files (Serialized files now loaded: 0)
System memory in use before: 61.7 MB.
System memory in use after: 61.7 MB.

Unloading 5 unused Assets to reduce memory usage. Loaded Objects now: 1619.
Total: 3.250100 ms (FindLiveObjects: 0.264200 ms CreateObjectMapping: 0.094200 ms MarkObjects: 2.812300 ms  DeleteObjects: 0.077500 ms)

========================================================================
Received Import Request.
  Time since last request: 43.309529 seconds.
  path: Assets/Prefabs/Obstacle3.prefab
  artifactKey: Guid(040762d7d6232344580546d374a33704) Importer(815301076,1909f56bfc062723c751e8b465ee728b)
Start importing Assets/Prefabs/Obstacle3.prefab using Guid(040762d7d6232344580546d374a33704) Importer(815301076,1909f56bfc062723c751e8b465ee728b)  -> (artifact id: 'db92cb7b17600b44f2949720ff767d4e') in 0.084379 seconds
  Import took 0.089116 seconds .

========================================================================
Received Import Request.
  Time since last request: 1.400521 seconds.
  path: Assets/Prefabs/Obstacle3.prefab
  artifactKey: Guid(040762d7d6232344580546d374a33704) Importer(815301076,1909f56bfc062723c751e8b465ee728b)
Start importing Assets/Prefabs/Obstacle3.prefab using Guid(040762d7d6232344580546d374a33704) Importer(815301076,1909f56bfc062723c751e8b465ee728b)  -> (artifact id: '849cee1333b48698e490e896a4d2a849') in 0.012959 seconds
  Import took 0.015502 seconds .

========================================================================
Received Import Request.
  Time since last request: 0.403672 seconds.
  path: Assets/Prefabs/Obstacle3.prefab
  artifactKey: Guid(040762d7d6232344580546d374a33704) Importer(815301076,1909f56bfc062723c751e8b465ee728b)
Start importing Assets/Prefabs/Obstacle3.prefab using Guid(040762d7d6232344580546d374a33704) Importer(815301076,1909f56bfc062723c751e8b465ee728b)  -> (artifact id: 'ebbdfd458c21a87f4693c24c555ba624') in 0.013635 seconds
  Import took 0.016282 seconds .

========================================================================
Received Import Request.
  Time since last request: 0.389165 seconds.
  path: Assets/Prefabs/Obstacle3.prefab
  artifactKey: Guid(040762d7d6232344580546d374a33704) Importer(815301076,1909f56bfc062723c751e8b465ee728b)
Start importing Assets/Prefabs/Obstacle3.prefab using Guid(040762d7d6232344580546d374a33704) Importer(815301076,1909f56bfc062723c751e8b465ee728b)  -> (artifact id: '8522b3cbe540afb409dc7febcb498c3f') in 0.013898 seconds
  Import took 0.016762 seconds .

========================================================================
Received Import Request.
  Time since last request: 0.606090 seconds.
  path: Assets/Prefabs/Obstacle3.prefab
  artifactKey: Guid(040762d7d6232344580546d374a33704) Importer(815301076,1909f56bfc062723c751e8b465ee728b)
Start importing Assets/Prefabs/Obstacle3.prefab using Guid(040762d7d6232344580546d374a33704) Importer(815301076,1909f56bfc062723c751e8b465ee728b)  -> (artifact id: '7a51cf3d9642d478a979e2032a4813ad') in 0.013708 seconds
  Import took 0.017157 seconds .

========================================================================
Received Import Request.
  Time since last request: 0.418741 seconds.
  path: Assets/Prefabs/Obstacle3.prefab
  artifactKey: Guid(040762d7d6232344580546d374a33704) Importer(815301076,1909f56bfc062723c751e8b465ee728b)
Start importing Assets/Prefabs/Obstacle3.prefab using Guid(040762d7d6232344580546d374a33704) Importer(815301076,1909f56bfc062723c751e8b465ee728b)  -> (artifact id: '819c3b490e9dc2da50e8b9625fcbb1cf') in 0.015461 seconds
  Import took 0.018987 seconds .

========================================================================
Received Prepare
Registering precompiled user dll's ...
Registered in 0.001087 seconds.
Begin MonoManager ReloadAssembly
Native extension for WindowsStandalone target not found
Native extension for WebGL target not found
Refreshing native plugins compatible for Editor in 0.31 ms, found 0 plugins.
Preloading 0 native plugins for Editor in 0.00 ms.
Mono: successfully reloaded assembly
- Completed reload, in  1.374 seconds
Platform modules already initialized, skipping
Refreshing native plugins compatible for Editor in 0.27 ms, found 0 plugins.
Preloading 0 native plugins for Editor in 0.00 ms.
Unloading 1119 Unused Serialized files (Serialized files now loaded: 0)
System memory in use before: 61.7 MB.
System memory in use after: 61.7 MB.

Unloading 5 unused Assets to reduce memory usage. Loaded Objects now: 1623.
Total: 2.401200 ms (FindLiveObjects: 0.250700 ms CreateObjectMapping: 0.077500 ms MarkObjects: 2.009400 ms  DeleteObjects: 0.062000 ms)

========================================================================
Received Prepare
Registering precompiled user dll's ...
Registered in 0.000856 seconds.
Begin MonoManager ReloadAssembly
Native extension for WindowsStandalone target not found
Native extension for WebGL target not found
Refreshing native plugins compatible for Editor in 0.31 ms, found 0 plugins.
Preloading 0 native plugins for Editor in 0.00 ms.
Mono: successfully reloaded assembly
- Completed reload, in  1.340 seconds
Platform modules already initialized, skipping
Refreshing native plugins compatible for Editor in 0.28 ms, found 0 plugins.
Preloading 0 native plugins for Editor in 0.00 ms.
Unloading 1119 Unused Serialized files (Serialized files now loaded: 0)
System memory in use before: 61.7 MB.
System memory in use after: 61.7 MB.

Unloading 5 unused Assets to reduce memory usage. Loaded Objects now: 1626.
Total: 2.774500 ms (FindLiveObjects: 0.255800 ms CreateObjectMapping: 0.181500 ms MarkObjects: 2.260200 ms  DeleteObjects: 0.074800 ms)

========================================================================
Received Import Request.
  Time since last request: 354.669373 seconds.
  path: Assets/Prefabs/Obstacle3.prefab
  artifactKey: Guid(040762d7d6232344580546d374a33704) Importer(815301076,1909f56bfc062723c751e8b465ee728b)
Start importing Assets/Prefabs/Obstacle3.prefab using Guid(040762d7d6232344580546d374a33704) Importer(815301076,1909f56bfc062723c751e8b465ee728b)  -> (artifact id: '3e35be83cd55f3096bea782db27bff5d') in 0.082318 seconds
  Import took 0.085921 seconds .

========================================================================
Received Prepare
Registering precompiled user dll's ...
Registered in 0.001058 seconds.
Begin MonoManager ReloadAssembly
Native extension for WindowsStandalone target not found
Native extension for WebGL target not found
Refreshing native plugins compatible for Editor in 0.46 ms, found 0 plugins.
Preloading 0 native plugins for Editor in 0.00 ms.
Mono: successfully reloaded assembly
- Completed reload, in  1.492 seconds
Platform modules already initialized, skipping
Refreshing native plugins compatible for Editor in 0.43 ms, found 0 plugins.
Preloading 0 native plugins for Editor in 0.00 ms.
Unloading 1119 Unused Serialized files (Serialized files now loaded: 0)
System memory in use before: 61.7 MB.
System memory in use after: 61.7 MB.

Unloading 5 unused Assets to reduce memory usage. Loaded Objects now: 1630.
Total: 2.821400 ms (FindLiveObjects: 0.198100 ms CreateObjectMapping: 0.053500 ms MarkObjects: 2.476900 ms  DeleteObjects: 0.090900 ms)

========================================================================
Received Prepare
Registering precompiled user dll's ...
Registered in 0.000754 seconds.
Begin MonoManager ReloadAssembly
Native extension for WindowsStandalone target not found
Native extension for WebGL target not found
Refreshing native plugins compatible for Editor in 0.33 ms, found 0 plugins.
Preloading 0 native plugins for Editor in 0.00 ms.
Mono: successfully reloaded assembly
- Completed reload, in  1.304 seconds
Platform modules already initialized, skipping
Refreshing native plugins compatible for Editor in 0.29 ms, found 0 plugins.
Preloading 0 native plugins for Editor in 0.00 ms.
Unloading 1119 Unused Serialized files (Serialized files now loaded: 0)
System memory in use before: 61.7 MB.
System memory in use after: 61.7 MB.

Unloading 5 unused Assets to reduce memory usage. Loaded Objects now: 1633.
Total: 3.187200 ms (FindLiveObjects: 0.359600 ms CreateObjectMapping: 0.059100 ms MarkObjects: 2.689700 ms  DeleteObjects: 0.074900 ms)

========================================================================
Received Prepare
Registering precompiled user dll's ...
Registered in 0.000656 seconds.
Begin MonoManager ReloadAssembly
Native extension for WindowsStandalone target not found
Native extension for WebGL target not found
Refreshing native plugins compatible for Editor in 0.23 ms, found 0 plugins.
Preloading 0 native plugins for Editor in 0.00 ms.
Mono: successfully reloaded assembly
- Completed reload, in  0.893 seconds
Platform modules already initialized, skipping
Refreshing native plugins compatible for Editor in 0.24 ms, found 0 plugins.
Preloading 0 native plugins for Editor in 0.00 ms.
Unloading 1119 Unused Serialized files (Serialized files now loaded: 0)
System memory in use before: 61.7 MB.
System memory in use after: 61.8 MB.

Unloading 5 unused Assets to reduce memory usage. Loaded Objects now: 1636.
Total: 2.939900 ms (FindLiveObjects: 0.179900 ms CreateObjectMapping: 0.038900 ms MarkObjects: 2.655000 ms  DeleteObjects: 0.063900 ms)

========================================================================
Received Prepare
Registering precompiled user dll's ...
Registered in 0.000712 seconds.
Begin MonoManager ReloadAssembly
Native extension for WindowsStandalone target not found
Native extension for WebGL target not found
Refreshing native plugins compatible for Editor in 0.22 ms, found 0 plugins.
Preloading 0 native plugins for Editor in 0.00 ms.
Mono: successfully reloaded assembly
- Completed reload, in  0.858 seconds
Platform modules already initialized, skipping
Refreshing native plugins compatible for Editor in 0.23 ms, found 0 plugins.
Preloading 0 native plugins for Editor in 0.00 ms.
Unloading 1119 Unused Serialized files (Serialized files now loaded: 0)
System memory in use before: 61.7 MB.
System memory in use after: 61.8 MB.

Unloading 5 unused Assets to reduce memory usage. Loaded Objects now: 1639.
Total: 1.892200 ms (FindLiveObjects: 0.160500 ms CreateObjectMapping: 0.044100 ms MarkObjects: 1.628700 ms  DeleteObjects: 0.057700 ms)

========================================================================
Received Prepare
Registering precompiled user dll's ...
Registered in 0.000681 seconds.
Begin MonoManager ReloadAssembly
Native extension for WindowsStandalone target not found
Native extension for WebGL target not found
Refreshing native plugins compatible for Editor in 0.43 ms, found 0 plugins.
Preloading 0 native plugins for Editor in 0.00 ms.
Mono: successfully reloaded assembly
- Completed reload, in  0.906 seconds
Platform modules already initialized, skipping
Refreshing native plugins compatible for Editor in 0.24 ms, found 0 plugins.
Preloading 0 native plugins for Editor in 0.00 ms.
Unloading 1119 Unused Serialized files (Serialized files now loaded: 0)
System memory in use before: 61.7 MB.
System memory in use after: 61.8 MB.

Unloading 5 unused Assets to reduce memory usage. Loaded Objects now: 1642.
Total: 1.880800 ms (FindLiveObjects: 0.134500 ms CreateObjectMapping: 0.037900 ms MarkObjects: 1.651000 ms  DeleteObjects: 0.055900 ms)

========================================================================
Received Import Request.
  Time since last request: 12829.508195 seconds.
  path: Assets/Course Library/_Source_Files/FBX/Animations/SimpleCharacter_5.0.controller
  artifactKey: Guid(1de385df2ff713a41adfcbbb63b8af91) Importer(815301076,1909f56bfc062723c751e8b465ee728b)
Start importing Assets/Course Library/_Source_Files/FBX/Animations/SimpleCharacter_5.0.controller using Guid(1de385df2ff713a41adfcbbb63b8af91) Importer(815301076,1909f56bfc062723c751e8b465ee728b)  -> (artifact id: '47b85c1555b64e9b7220d3e516347556') in 0.048804 seconds
  Import took 0.053528 seconds .

========================================================================
Received Prepare
Registering precompiled user dll's ...
Registered in 0.000731 seconds.
Begin MonoManager ReloadAssembly
Native extension for WindowsStandalone target not found
Native extension for WebGL target not found
Refreshing native plugins compatible for Editor in 0.29 ms, found 0 plugins.
Preloading 0 native plugins for Editor in 0.00 ms.
Mono: successfully reloaded assembly
- Completed reload, in  1.000 seconds
Platform modules already initialized, skipping
Refreshing native plugins compatible for Editor in 0.25 ms, found 0 plugins.
Preloading 0 native plugins for Editor in 0.00 ms.
Unloading 1119 Unused Serialized files (Serialized files now loaded: 0)
System memory in use before: 61.7 MB.
System memory in use after: 61.8 MB.

Unloading 5 unused Assets to reduce memory usage. Loaded Objects now: 1645.
Total: 1.880900 ms (FindLiveObjects: 0.224300 ms CreateObjectMapping: 0.049800 ms MarkObjects: 1.535100 ms  DeleteObjects: 0.069700 ms)

========================================================================
Received Prepare
Registering precompiled user dll's ...
Registered in 0.000979 seconds.
Begin MonoManager ReloadAssembly
Native extension for WindowsStandalone target not found
Native extension for WebGL target not found
Refreshing native plugins compatible for Editor in 0.37 ms, found 0 plugins.
Preloading 0 native plugins for Editor in 0.00 ms.
Mono: successfully reloaded assembly
- Completed reload, in  1.028 seconds
Platform modules already initialized, skipping
Refreshing native plugins compatible for Editor in 0.23 ms, found 0 plugins.
Preloading 0 native plugins for Editor in 0.00 ms.
Unloading 1119 Unused Serialized files (Serialized files now loaded: 0)
System memory in use before: 61.7 MB.
System memory in use after: 61.8 MB.

Unloading 5 unused Assets to reduce memory usage. Loaded Objects now: 1648.
Total: 3.092500 ms (FindLiveObjects: 0.250800 ms CreateObjectMapping: 0.088900 ms MarkObjects: 2.686700 ms  DeleteObjects: 0.064400 ms)

========================================================================
Received Prepare
Registering precompiled user dll's ...
Registered in 0.000901 seconds.
Begin MonoManager ReloadAssembly
Native extension for WindowsStandalone target not found
Native extension for WebGL target not found
Refreshing native plugins compatible for Editor in 0.24 ms, found 0 plugins.
Preloading 0 native plugins for Editor in 0.00 ms.
Mono: successfully reloaded assembly
- Completed reload, in  0.859 seconds
Platform modules already initialized, skipping
Refreshing native plugins compatible for Editor in 0.24 ms, found 0 plugins.
Preloading 0 native plugins for Editor in 0.00 ms.
Unloading 1119 Unused Serialized files (Serialized files now loaded: 0)
System memory in use before: 61.7 MB.
System memory in use after: 61.8 MB.

Unloading 5 unused Assets to reduce memory usage. Loaded Objects now: 1651.
Total: 2.714600 ms (FindLiveObjects: 0.194100 ms CreateObjectMapping: 0.046700 ms MarkObjects: 2.379500 ms  DeleteObjects: 0.090600 ms)

========================================================================
Received Prepare
Registering precompiled user dll's ...
Registered in 0.000727 seconds.
Begin MonoManager ReloadAssembly
Native extension for WindowsStandalone target not found
Native extension for WebGL target not found
Refreshing native plugins compatible for Editor in 0.23 ms, found 0 plugins.
Preloading 0 native plugins for Editor in 0.00 ms.
Mono: successfully reloaded assembly
- Completed reload, in  0.948 seconds
Platform modules already initialized, skipping
Refreshing native plugins compatible for Editor in 0.23 ms, found 0 plugins.
Preloading 0 native plugins for Editor in 0.00 ms.
Unloading 1119 Unused Serialized files (Serialized files now loaded: 0)
System memory in use before: 61.8 MB.
System memory in use after: 61.8 MB.

Unloading 5 unused Assets to reduce memory usage. Loaded Objects now: 1654.
Total: 2.064000 ms (FindLiveObjects: 0.224800 ms CreateObjectMapping: 0.067700 ms MarkObjects: 1.712000 ms  DeleteObjects: 0.057600 ms)

========================================================================
Received Prepare
Registering precompiled user dll's ...
Registered in 0.000876 seconds.
Begin MonoManager ReloadAssembly
Native extension for WindowsStandalone target not found
Native extension for WebGL target not found
Refreshing native plugins compatible for Editor in 0.29 ms, found 0 plugins.
Preloading 0 native plugins for Editor in 0.00 ms.
Mono: successfully reloaded assembly
- Completed reload, in  0.855 seconds
Platform modules already initialized, skipping
Refreshing native plugins compatible for Editor in 0.25 ms, found 0 plugins.
Preloading 0 native plugins for Editor in 0.00 ms.
Unloading 1119 Unused Serialized files (Serialized files now loaded: 0)
System memory in use before: 61.8 MB.
System memory in use after: 61.8 MB.

Unloading 5 unused Assets to reduce memory usage. Loaded Objects now: 1657.
Total: 2.093400 ms (FindLiveObjects: 0.156400 ms CreateObjectMapping: 0.042200 ms MarkObjects: 1.837300 ms  DeleteObjects: 0.056000 ms)

========================================================================
Received Import Request.
  Time since last request: 16697.560006 seconds.
  path: Assets/Prefabs/Obstacle3.prefab
  artifactKey: Guid(040762d7d6232344580546d374a33704) Importer(815301076,1909f56bfc062723c751e8b465ee728b)
Start importing Assets/Prefabs/Obstacle3.prefab using Guid(040762d7d6232344580546d374a33704) Importer(815301076,1909f56bfc062723c751e8b465ee728b)  -> (artifact id: '953a82026b72c0392ca330ec2f10d300') in 0.091830 seconds
  Import took 0.094162 seconds .

========================================================================
Received Prepare
Registering precompiled user dll's ...
Registered in 0.000650 seconds.
Begin MonoManager ReloadAssembly
Native extension for WindowsStandalone target not found
Native extension for WebGL target not found
Refreshing native plugins compatible for Editor in 0.22 ms, found 0 plugins.
Preloading 0 native plugins for Editor in 0.00 ms.
Mono: successfully reloaded assembly
- Completed reload, in  0.846 seconds
Platform modules already initialized, skipping
Refreshing native plugins compatible for Editor in 0.24 ms, found 0 plugins.
Preloading 0 native plugins for Editor in 0.00 ms.
Unloading 1119 Unused Serialized files (Serialized files now loaded: 0)
System memory in use before: 61.8 MB.
System memory in use after: 61.8 MB.

Unloading 5 unused Assets to reduce memory usage. Loaded Objects now: 1661.
Total: 2.012900 ms (FindLiveObjects: 0.217600 ms CreateObjectMapping: 0.067100 ms MarkObjects: 1.673200 ms  DeleteObjects: 0.053200 ms)

========================================================================
Received Prepare
Registering precompiled user dll's ...
Registered in 0.000712 seconds.
Begin MonoManager ReloadAssembly
Native extension for WindowsStandalone target not found
Native extension for WebGL target not found
Refreshing native plugins compatible for Editor in 0.28 ms, found 0 plugins.
Preloading 0 native plugins for Editor in 0.00 ms.
Mono: successfully reloaded assembly
- Completed reload, in  0.873 seconds
Platform modules already initialized, skipping
Refreshing native plugins compatible for Editor in 0.23 ms, found 0 plugins.
Preloading 0 native plugins for Editor in 0.00 ms.
Unloading 1119 Unused Serialized files (Serialized files now loaded: 0)
System memory in use before: 61.8 MB.
System memory in use after: 61.8 MB.

Unloading 5 unused Assets to reduce memory usage. Loaded Objects now: 1664.
Total: 2.130200 ms (FindLiveObjects: 0.140700 ms CreateObjectMapping: 0.041700 ms MarkObjects: 1.876300 ms  DeleteObjects: 0.069900 ms)

========================================================================
Received Import Request.
  Time since last request: 86349.994505 seconds.
  path: Assets/Scripts/GameManager.cs
  artifactKey: Guid(f258a6d6fddc40a4b9d860c7b2bbf9b7) Importer(815301076,1909f56bfc062723c751e8b465ee728b)
Start importing Assets/Scripts/GameManager.cs using Guid(f258a6d6fddc40a4b9d860c7b2bbf9b7) Importer(815301076,1909f56bfc062723c751e8b465ee728b)  -> (artifact id: '6627b572f4ef15b71bc1510d7fb6fdc4') in 0.080212 seconds
  Import took 0.126578 seconds .

========================================================================
Received Prepare
Registering precompiled user dll's ...
Registered in 0.000739 seconds.
Begin MonoManager ReloadAssembly
Native extension for WindowsStandalone target not found
Native extension for WebGL target not found
Refreshing native plugins compatible for Editor in 0.23 ms, found 0 plugins.
Preloading 0 native plugins for Editor in 0.00 ms.
Mono: successfully reloaded assembly
- Completed reload, in  1.055 seconds
Platform modules already initialized, skipping
Refreshing native plugins compatible for Editor in 0.23 ms, found 0 plugins.
Preloading 0 native plugins for Editor in 0.00 ms.
Unloading 1120 Unused Serialized files (Serialized files now loaded: 0)
System memory in use before: 61.8 MB.
System memory in use after: 61.9 MB.

Unloading 5 unused Assets to reduce memory usage. Loaded Objects now: 1668.
Total: 2.216100 ms (FindLiveObjects: 0.208700 ms CreateObjectMapping: 0.047300 ms MarkObjects: 1.882900 ms  DeleteObjects: 0.075800 ms)

========================================================================
Received Import Request.
  Time since last request: 1178.369215 seconds.
  path: Assets/Scripts/GameManager.cs
  artifactKey: Guid(f258a6d6fddc40a4b9d860c7b2bbf9b7) Importer(815301076,1909f56bfc062723c751e8b465ee728b)
Start importing Assets/Scripts/GameManager.cs using Guid(f258a6d6fddc40a4b9d860c7b2bbf9b7) Importer(815301076,1909f56bfc062723c751e8b465ee728b)  -> (artifact id: 'd703e153732c10b423842798c1f64d7b') in 0.009721 seconds
  Import took 0.011742 seconds .

========================================================================
Received Prepare
Registering precompiled user dll's ...
Registered in 0.000800 seconds.
Begin MonoManager ReloadAssembly
Native extension for WindowsStandalone target not found
Native extension for WebGL target not found
Refreshing native plugins compatible for Editor in 0.41 ms, found 0 plugins.
Preloading 0 native plugins for Editor in 0.00 ms.
Mono: successfully reloaded assembly
- Completed reload, in  0.869 seconds
Platform modules already initialized, skipping
Refreshing native plugins compatible for Editor in 0.22 ms, found 0 plugins.
Preloading 0 native plugins for Editor in 0.00 ms.
Unloading 1120 Unused Serialized files (Serialized files now loaded: 0)
System memory in use before: 61.8 MB.
System memory in use after: 61.9 MB.

Unloading 5 unused Assets to reduce memory usage. Loaded Objects now: 1671.
Total: 2.100500 ms (FindLiveObjects: 0.163000 ms CreateObjectMapping: 0.044700 ms MarkObjects: 1.816100 ms  DeleteObjects: 0.075500 ms)

========================================================================
Received Prepare
Registering precompiled user dll's ...
Registered in 0.000670 seconds.
Begin MonoManager ReloadAssembly
Native extension for WindowsStandalone target not found
Native extension for WebGL target not found
Refreshing native plugins compatible for Editor in 0.22 ms, found 0 plugins.
Preloading 0 native plugins for Editor in 0.00 ms.
Mono: successfully reloaded assembly
- Completed reload, in  0.808 seconds
Platform modules already initialized, skipping
Refreshing native plugins compatible for Editor in 0.23 ms, found 0 plugins.
Preloading 0 native plugins for Editor in 0.00 ms.
Unloading 1120 Unused Serialized files (Serialized files now loaded: 0)
System memory in use before: 61.8 MB.
System memory in use after: 61.9 MB.

Unloading 5 unused Assets to reduce memory usage. Loaded Objects now: 1674.
Total: 2.082600 ms (FindLiveObjects: 0.151600 ms CreateObjectMapping: 0.046500 ms MarkObjects: 1.829900 ms  DeleteObjects: 0.053300 ms)

========================================================================
Received Import Request.
  Time since last request: 234.885231 seconds.
  path: Assets/Scripts/MoveLeft.cs
  artifactKey: Guid(10686fce0170aff40a5fbb0cce7850c1) Importer(815301076,1909f56bfc062723c751e8b465ee728b)
Start importing Assets/Scripts/MoveLeft.cs using Guid(10686fce0170aff40a5fbb0cce7850c1) Importer(815301076,1909f56bfc062723c751e8b465ee728b)  -> (artifact id: 'ec491a2d56463457d33e584ce5fc94d6') in 0.008454 seconds
  Import took 0.010675 seconds .

========================================================================
Received Import Request.
  Time since last request: 1.293691 seconds.
  path: Assets/Scripts/PlayerController.cs
  artifactKey: Guid(1eacd957a185b8640b201819b873e931) Importer(815301076,1909f56bfc062723c751e8b465ee728b)
Start importing Assets/Scripts/PlayerController.cs using Guid(1eacd957a185b8640b201819b873e931) Importer(815301076,1909f56bfc062723c751e8b465ee728b)  -> (artifact id: 'c0ae8dac9c60695640e013285f0f48ee') in 0.007529 seconds
  Import took 0.010051 seconds .

========================================================================
Received Prepare
Registering precompiled user dll's ...
Registered in 0.000664 seconds.
Begin MonoManager ReloadAssembly
Native extension for WindowsStandalone target not found
Native extension for WebGL target not found
Refreshing native plugins compatible for Editor in 0.38 ms, found 0 plugins.
Preloading 0 native plugins for Editor in 0.00 ms.
Mono: successfully reloaded assembly
- Completed reload, in  0.836 seconds
Platform modules already initialized, skipping
Refreshing native plugins compatible for Editor in 0.23 ms, found 0 plugins.
Preloading 0 native plugins for Editor in 0.00 ms.
Unloading 1120 Unused Serialized files (Serialized files now loaded: 0)
System memory in use before: 61.8 MB.
System memory in use after: 61.9 MB.

Unloading 5 unused Assets to reduce memory usage. Loaded Objects now: 1677.
Total: 2.064800 ms (FindLiveObjects: 0.164800 ms CreateObjectMapping: 0.038700 ms MarkObjects: 1.803500 ms  DeleteObjects: 0.056100 ms)

========================================================================
Received Prepare
Registering precompiled user dll's ...
Registered in 0.000719 seconds.
Begin MonoManager ReloadAssembly
Native extension for WindowsStandalone target not found
Native extension for WebGL target not found
Refreshing native plugins compatible for Editor in 0.23 ms, found 0 plugins.
Preloading 0 native plugins for Editor in 0.00 ms.
Mono: successfully reloaded assembly
- Completed reload, in  0.861 seconds
Platform modules already initialized, skipping
Refreshing native plugins compatible for Editor in 0.22 ms, found 0 plugins.
Preloading 0 native plugins for Editor in 0.00 ms.
Unloading 1120 Unused Serialized files (Serialized files now loaded: 0)
System memory in use before: 61.8 MB.
System memory in use after: 61.9 MB.

Unloading 5 unused Assets to reduce memory usage. Loaded Objects now: 1680.
Total: 2.400800 ms (FindLiveObjects: 0.246500 ms CreateObjectMapping: 0.189200 ms MarkObjects: 1.911900 ms  DeleteObjects: 0.050600 ms)

========================================================================
Received Prepare
Registering precompiled user dll's ...
Registered in 0.000641 seconds.
Begin MonoManager ReloadAssembly
Native extension for WindowsStandalone target not found
Native extension for WebGL target not found
Refreshing native plugins compatible for Editor in 0.22 ms, found 0 plugins.
Preloading 0 native plugins for Editor in 0.00 ms.
Mono: successfully reloaded assembly
- Completed reload, in  0.873 seconds
Platform modules already initialized, skipping
Refreshing native plugins compatible for Editor in 0.23 ms, found 0 plugins.
Preloading 0 native plugins for Editor in 0.00 ms.
Unloading 1120 Unused Serialized files (Serialized files now loaded: 0)
System memory in use before: 61.8 MB.
System memory in use after: 61.9 MB.

Unloading 5 unused Assets to reduce memory usage. Loaded Objects now: 1683.
Total: 1.881300 ms (FindLiveObjects: 0.140500 ms CreateObjectMapping: 0.039500 ms MarkObjects: 1.646500 ms  DeleteObjects: 0.053700 ms)

========================================================================
Received Prepare
Registering precompiled user dll's ...
Registered in 0.000659 seconds.
Begin MonoManager ReloadAssembly
Native extension for WindowsStandalone target not found
Native extension for WebGL target not found
Refreshing native plugins compatible for Editor in 0.23 ms, found 0 plugins.
Preloading 0 native plugins for Editor in 0.00 ms.
Mono: successfully reloaded assembly
- Completed reload, in  0.909 seconds
Platform modules already initialized, skipping
Refreshing native plugins compatible for Editor in 0.27 ms, found 0 plugins.
Preloading 0 native plugins for Editor in 0.00 ms.
Unloading 1120 Unused Serialized files (Serialized files now loaded: 0)
System memory in use before: 61.8 MB.
System memory in use after: 61.9 MB.

Unloading 5 unused Assets to reduce memory usage. Loaded Objects now: 1686.
Total: 2.636000 ms (FindLiveObjects: 0.273700 ms CreateObjectMapping: 0.091500 ms MarkObjects: 2.220100 ms  DeleteObjects: 0.049400 ms)

========================================================================
Received Prepare
Registering precompiled user dll's ...
Registered in 0.000677 seconds.
Begin MonoManager ReloadAssembly
Native extension for WindowsStandalone target not found
Native extension for WebGL target not found
Refreshing native plugins compatible for Editor in 0.22 ms, found 0 plugins.
Preloading 0 native plugins for Editor in 0.00 ms.
Mono: successfully reloaded assembly
- Completed reload, in  0.978 seconds
Platform modules already initialized, skipping
Refreshing native plugins compatible for Editor in 0.24 ms, found 0 plugins.
Preloading 0 native plugins for Editor in 0.00 ms.
Unloading 1120 Unused Serialized files (Serialized files now loaded: 0)
System memory in use before: 61.8 MB.
System memory in use after: 61.9 MB.

Unloading 5 unused Assets to reduce memory usage. Loaded Objects now: 1689.
Total: 2.043700 ms (FindLiveObjects: 0.136700 ms CreateObjectMapping: 0.038800 ms MarkObjects: 1.818800 ms  DeleteObjects: 0.048400 ms)

AssetImportWorkerClient::OnTransportError - code=2 error=End of file
